[2019-07-30 10:45:48.226] [exthost] [info] extension host started
[2019-07-30 10:45:48.261] [exthost] [info] ExtensionService#_doActivateExtension vscode.debug-auto-launch {"startup":true,"activationEvent":"*"}
[2019-07-30 10:45:48.261] [exthost] [info] ExtensionService#loadCommonJSModule /snap/code/11/usr/share/code/resources/app/extensions/debug-auto-launch/dist/extension
[2019-07-30 10:45:48.264] [exthost] [info] ExtensionService#_doActivateExtension vscode.emmet {"startup":true,"activationEvent":"*"}
[2019-07-30 10:45:48.264] [exthost] [info] ExtensionService#loadCommonJSModule /snap/code/11/usr/share/code/resources/app/extensions/emmet/dist/extension
[2019-07-30 10:45:48.280] [exthost] [info] ExtensionService#_doActivateExtension vscode.git {"startup":true,"activationEvent":"*"}
[2019-07-30 10:45:48.280] [exthost] [info] ExtensionService#loadCommonJSModule /snap/code/11/usr/share/code/resources/app/extensions/git/dist/main
[2019-07-30 10:45:48.351] [exthost] [info] ExtensionService#_doActivateExtension vscode.merge-conflict {"startup":true,"activationEvent":"*"}
[2019-07-30 10:45:48.351] [exthost] [info] ExtensionService#loadCommonJSModule /snap/code/11/usr/share/code/resources/app/extensions/merge-conflict/dist/extension
[2019-07-30 10:45:48.354] [exthost] [info] ExtensionService#_doActivateExtension ritwickdey.LiveServer {"startup":true,"activationEvent":"*"}
[2019-07-30 10:45:48.354] [exthost] [info] ExtensionService#loadCommonJSModule /home/sham/.vscode/extensions/ritwickdey.liveserver-5.6.1/out/src/extension
[2019-07-30 10:45:48.519] [exthost] [info] eager extensions activated
[2019-07-30 10:46:22.528] [exthost] [info] ExtensionService#_doActivateExtension vscode.typescript-language-features {"startup":false,"activationEvent":"onLanguage:javascript"}
[2019-07-30 10:46:22.528] [exthost] [info] ExtensionService#loadCommonJSModule /snap/code/11/usr/share/code/resources/app/extensions/typescript-language-features/dist/extension
[2019-07-30 11:03:05.665] [exthost] [info] ExtensionService#_doActivateExtension vscode.extension-editing {"startup":false,"activationEvent":"onLanguage:typescript"}
[2019-07-30 11:03:05.665] [exthost] [info] ExtensionService#loadCommonJSModule /snap/code/11/usr/share/code/resources/app/extensions/extension-editing/dist/extension
[2019-07-30 11:04:36.375] [exthost] [error] [vscode.typescript-language-features] provider FAILED
[2019-07-30 11:04:36.375] [exthost] [error] {"label":"Acquiring typings...","detail":"Acquiring typings definitions for IntelliSense."}
[2019-07-30 11:42:21.977] [exthost] [error] [vscode.typescript-language-features] provider FAILED
[2019-07-30 11:42:21.979] [exthost] [error] Error: DisposableStore is missing...
	at R._convertCompletionItem (/snap/code/11/usr/share/code/resources/app/out/vs/workbench/services/extensions/node/extensionHostProcess.js:554:618)
	at define.resolveCompletionItem.o.asPromise.then.e (/snap/code/11/usr/share/code/resources/app/out/vs/workbench/services/extensions/node/extensionHostProcess.js:554:248)
[2019-07-30 13:09:28.439] [exthost] [error] [vscode.typescript-language-features] provider FAILED
[2019-07-30 13:09:28.440] [exthost] [error] Error: <main> TypeScript Server Error (3.5.2)
Debug Failure. Did not expect JsxClosingFragment to have an Identifier in its trivia
Error: Debug Failure. Did not expect JsxClosingFragment to have an Identifier in its trivia
    at addSyntheticNodes (tsserver.js:121116:30)
    at createChildren (tsserver.js:121105:9)
    at NodeObject.getChildren (tsserver.js:121049:56)
    at getTokenAtPositionWorker (tsserver.js:96666:43)
    at getTouchingToken (tsserver.js:96653:16)
    at Object.getTouchingPropertyName (tsserver.js:96645:16)
    at Object.getDocumentHighlights (tsserver.js:101335:27)
    at Object.getDocumentHighlights (tsserver.js:122207:42)
    at IOSession.Session.getDocumentHighlights (tsserver.js:130800:71)
    at Session.handlers.ts.createMapFromTemplate._a.(anonymous function) (tsserver.js:130201:61)
    at tsserver.js:131665:88
    at IOSession.Session.executeWithRequestId (tsserver.js:131656:28)
    at IOSession.Session.executeCommand (tsserver.js:131665:33)
    at IOSession.Session.onMessage (tsserver.js:131687:35)
    at Interface.<anonymous> (tsserver.js:132978:27)
    at Interface.emit (events.js:182:13)
    at Interface._onLine (readline.js:290:10)
    at Interface._normalWrite (readline.js:433:12)
    at Socket.ondata (readline.js:149:10)
    at Socket.emit (events.js:182:13)
    at addChunk (_stream_readable.js:283:12)
    at readableAddChunk (_stream_readable.js:264:11)
    at Socket.Readable.push (_stream_readable.js:219:10)
    at Pipe.onStreamRead [as onread] (internal/stream_base_commons.js:94:17)
	at Function.create (/snap/code/11/usr/share/code/resources/app/extensions/typescript-language-features/dist/extension.js:53:63436)
	at h.dispatchResponse (/snap/code/11/usr/share/code/resources/app/extensions/typescript-language-features/dist/extension.js:53:56618)
	at h.dispatchMessage (/snap/code/11/usr/share/code/resources/app/extensions/typescript-language-features/dist/extension.js:53:55516)
	at constructor._reader.onData.e (/snap/code/11/usr/share/code/resources/app/extensions/typescript-language-features/dist/extension.js:53:54992)
	at u.fire (/snap/code/11/usr/share/code/resources/app/out/vs/workbench/services/extensions/node/extensionHostProcess.js:48:468)
	at t.Reader.onLengthData (/snap/code/11/usr/share/code/resources/app/extensions/typescript-language-features/dist/extension.js:53:61656)
	at Socket.t.Reader.constructor.e.on.e (/snap/code/11/usr/share/code/resources/app/extensions/typescript-language-features/dist/extension.js:53:61304)
	at Socket.emit (events.js:182:13)
	at addChunk (_stream_readable.js:283:12)
	at readableAddChunk (_stream_readable.js:264:11)
	at Socket.Readable.push (_stream_readable.js:219:10)
	at Pipe.onStreamRead [as onread] (internal/stream_base_commons.js:94:17)
[2019-07-30 13:09:29.111] [exthost] [error] [vscode.typescript-language-features] provider FAILED
[2019-07-30 13:09:29.111] [exthost] [error] Error: <main> TypeScript Server Error (3.5.2)
Debug Failure. Did not expect JsxClosingFragment to have an Identifier in its trivia
Error: Debug Failure. Did not expect JsxClosingFragment to have an Identifier in its trivia
    at addSyntheticNodes (tsserver.js:121116:30)
    at createChildren (tsserver.js:121105:9)
    at NodeObject.getChildren (tsserver.js:121049:56)
    at getTokenAtPositionWorker (tsserver.js:96666:43)
    at Object.getTokenAtPosition (tsserver.js:96658:16)
    at getInfo (tsserver.js:117588:28)
    at Object.getAvailableActions (tsserver.js:117572:28)
    at tsserver.js:112890:128
    at getIterator (tsserver.js:627:23)
    at Object.flatMapIterator (tsserver.js:610:27)
    at Object.getApplicableRefactors (tsserver.js:112889:36)
    at Object.getApplicableRefactors (tsserver.js:122652:32)
    at IOSession.Session.getApplicableRefactors (tsserver.js:131421:53)
    at Session.handlers.ts.createMapFromTemplate._a.(anonymous function) (tsserver.js:130239:61)
    at tsserver.js:131665:88
    at IOSession.Session.executeWithRequestId (tsserver.js:131656:28)
    at IOSession.Session.executeCommand (tsserver.js:131665:33)
    at IOSession.Session.onMessage (tsserver.js:131687:35)
    at Interface.<anonymous> (tsserver.js:132978:27)
    at Interface.emit (events.js:182:13)
    at Interface._onLine (readline.js:290:10)
    at Interface._normalWrite (readline.js:433:12)
    at Socket.ondata (readline.js:149:10)
    at Socket.emit (events.js:182:13)
    at addChunk (_stream_readable.js:283:12)
    at readableAddChunk (_stream_readable.js:264:11)
    at Socket.Readable.push (_stream_readable.js:219:10)
    at Pipe.onStreamRead [as onread] (internal/stream_base_commons.js:94:17)
	at Function.create (/snap/code/11/usr/share/code/resources/app/extensions/typescript-language-features/dist/extension.js:53:63436)
	at h.dispatchResponse (/snap/code/11/usr/share/code/resources/app/extensions/typescript-language-features/dist/extension.js:53:56618)
	at h.dispatchMessage (/snap/code/11/usr/share/code/resources/app/extensions/typescript-language-features/dist/extension.js:53:55516)
	at constructor._reader.onData.e (/snap/code/11/usr/share/code/resources/app/extensions/typescript-language-features/dist/extension.js:53:54992)
	at u.fire (/snap/code/11/usr/share/code/resources/app/out/vs/workbench/services/extensions/node/extensionHostProcess.js:48:468)
	at t.Reader.onLengthData (/snap/code/11/usr/share/code/resources/app/extensions/typescript-language-features/dist/extension.js:53:61656)
	at Socket.t.Reader.constructor.e.on.e (/snap/code/11/usr/share/code/resources/app/extensions/typescript-language-features/dist/extension.js:53:61304)
	at Socket.emit (events.js:182:13)
	at addChunk (_stream_readable.js:283:12)
	at readableAddChunk (_stream_readable.js:264:11)
	at Socket.Readable.push (_stream_readable.js:219:10)
	at Pipe.onStreamRead [as onread] (internal/stream_base_commons.js:94:17)
[2019-07-30 13:44:26.115] [exthost] [error] [vscode.typescript-language-features] provider FAILED
[2019-07-30 13:44:26.115] [exthost] [error] Error: <main> TypeScript Server Error (3.5.2)
Debug Failure. Did not expect JsxClosingFragment to have an Identifier in its trivia
Error: Debug Failure. Did not expect JsxClosingFragment to have an Identifier in its trivia
    at addSyntheticNodes (tsserver.js:121116:30)
    at createChildren (tsserver.js:121105:9)
    at NodeObject.getChildren (tsserver.js:121049:56)
    at getTokenAtPositionWorker (tsserver.js:96666:43)
    at getTouchingToken (tsserver.js:96653:16)
    at Object.getTouchingPropertyName (tsserver.js:96645:16)
    at Object.getDocumentHighlights (tsserver.js:101335:27)
    at Object.getDocumentHighlights (tsserver.js:122207:42)
    at IOSession.Session.getDocumentHighlights (tsserver.js:130800:71)
    at Session.handlers.ts.createMapFromTemplate._a.(anonymous function) (tsserver.js:130201:61)
    at tsserver.js:131665:88
    at IOSession.Session.executeWithRequestId (tsserver.js:131656:28)
    at IOSession.Session.executeCommand (tsserver.js:131665:33)
    at IOSession.Session.onMessage (tsserver.js:131687:35)
    at Interface.<anonymous> (tsserver.js:132978:27)
    at Interface.emit (events.js:182:13)
    at Interface._onLine (readline.js:290:10)
    at Interface._normalWrite (readline.js:433:12)
    at Socket.ondata (readline.js:149:10)
    at Socket.emit (events.js:182:13)
    at addChunk (_stream_readable.js:283:12)
    at readableAddChunk (_stream_readable.js:264:11)
    at Socket.Readable.push (_stream_readable.js:219:10)
    at Pipe.onStreamRead [as onread] (internal/stream_base_commons.js:94:17)
	at Function.create (/snap/code/11/usr/share/code/resources/app/extensions/typescript-language-features/dist/extension.js:53:63436)
	at h.dispatchResponse (/snap/code/11/usr/share/code/resources/app/extensions/typescript-language-features/dist/extension.js:53:56618)
	at h.dispatchMessage (/snap/code/11/usr/share/code/resources/app/extensions/typescript-language-features/dist/extension.js:53:55516)
	at constructor._reader.onData.e (/snap/code/11/usr/share/code/resources/app/extensions/typescript-language-features/dist/extension.js:53:54992)
	at u.fire (/snap/code/11/usr/share/code/resources/app/out/vs/workbench/services/extensions/node/extensionHostProcess.js:48:468)
	at t.Reader.onLengthData (/snap/code/11/usr/share/code/resources/app/extensions/typescript-language-features/dist/extension.js:53:61656)
	at Socket.t.Reader.constructor.e.on.e (/snap/code/11/usr/share/code/resources/app/extensions/typescript-language-features/dist/extension.js:53:61304)
	at Socket.emit (events.js:182:13)
	at addChunk (_stream_readable.js:283:12)
	at readableAddChunk (_stream_readable.js:264:11)
	at Socket.Readable.push (_stream_readable.js:219:10)
	at Pipe.onStreamRead [as onread] (internal/stream_base_commons.js:94:17)
[2019-07-30 13:44:26.360] [exthost] [error] [vscode.typescript-language-features] provider FAILED
[2019-07-30 13:44:26.360] [exthost] [error] Error: <main> TypeScript Server Error (3.5.2)
Debug Failure. Did not expect JsxClosingFragment to have an Identifier in its trivia
Error: Debug Failure. Did not expect JsxClosingFragment to have an Identifier in its trivia
    at addSyntheticNodes (tsserver.js:121116:30)
    at createChildren (tsserver.js:121105:9)
    at NodeObject.getChildren (tsserver.js:121049:56)
    at getTokenAtPositionWorker (tsserver.js:96666:43)
    at Object.getTokenAtPosition (tsserver.js:96658:16)
    at getInfo (tsserver.js:117588:28)
    at Object.getAvailableActions (tsserver.js:117572:28)
    at tsserver.js:112890:128
    at getIterator (tsserver.js:627:23)
    at Object.flatMapIterator (tsserver.js:610:27)
    at Object.getApplicableRefactors (tsserver.js:112889:36)
    at Object.getApplicableRefactors (tsserver.js:122652:32)
    at IOSession.Session.getApplicableRefactors (tsserver.js:131421:53)
    at Session.handlers.ts.createMapFromTemplate._a.(anonymous function) (tsserver.js:130239:61)
    at tsserver.js:131665:88
    at IOSession.Session.executeWithRequestId (tsserver.js:131656:28)
    at IOSession.Session.executeCommand (tsserver.js:131665:33)
    at IOSession.Session.onMessage (tsserver.js:131687:35)
    at Interface.<anonymous> (tsserver.js:132978:27)
    at Interface.emit (events.js:182:13)
    at Interface._onLine (readline.js:290:10)
    at Interface._normalWrite (readline.js:433:12)
    at Socket.ondata (readline.js:149:10)
    at Socket.emit (events.js:182:13)
    at addChunk (_stream_readable.js:283:12)
    at readableAddChunk (_stream_readable.js:264:11)
    at Socket.Readable.push (_stream_readable.js:219:10)
    at Pipe.onStreamRead [as onread] (internal/stream_base_commons.js:94:17)
	at Function.create (/snap/code/11/usr/share/code/resources/app/extensions/typescript-language-features/dist/extension.js:53:63436)
	at h.dispatchResponse (/snap/code/11/usr/share/code/resources/app/extensions/typescript-language-features/dist/extension.js:53:56618)
	at h.dispatchMessage (/snap/code/11/usr/share/code/resources/app/extensions/typescript-language-features/dist/extension.js:53:55516)
	at constructor._reader.onData.e (/snap/code/11/usr/share/code/resources/app/extensions/typescript-language-features/dist/extension.js:53:54992)
	at u.fire (/snap/code/11/usr/share/code/resources/app/out/vs/workbench/services/extensions/node/extensionHostProcess.js:48:468)
	at t.Reader.onLengthData (/snap/code/11/usr/share/code/resources/app/extensions/typescript-language-features/dist/extension.js:53:61656)
	at Socket.t.Reader.constructor.e.on.e (/snap/code/11/usr/share/code/resources/app/extensions/typescript-language-features/dist/extension.js:53:61304)
	at Socket.emit (events.js:182:13)
	at addChunk (_stream_readable.js:283:12)
	at readableAddChunk (_stream_readable.js:264:11)
	at Socket.Readable.push (_stream_readable.js:219:10)
	at Pipe.onStreamRead [as onread] (internal/stream_base_commons.js:94:17)
[2019-07-30 13:56:31.849] [exthost] [error] [vscode.typescript-language-features] provider FAILED
[2019-07-30 13:56:31.849] [exthost] [error] Error: DisposableStore is missing...
	at R._convertCompletionItem (/snap/code/11/usr/share/code/resources/app/out/vs/workbench/services/extensions/node/extensionHostProcess.js:554:618)
	at define.resolveCompletionItem.o.asPromise.then.e (/snap/code/11/usr/share/code/resources/app/out/vs/workbench/services/extensions/node/extensionHostProcess.js:554:248)
[2019-07-30 13:57:03.845] [exthost] [error] [vscode.typescript-language-features] provider FAILED
[2019-07-30 13:57:03.846] [exthost] [error] Error: DisposableStore is missing...
	at R._convertCompletionItem (/snap/code/11/usr/share/code/resources/app/out/vs/workbench/services/extensions/node/extensionHostProcess.js:554:618)
	at define.resolveCompletionItem.o.asPromise.then.e (/snap/code/11/usr/share/code/resources/app/out/vs/workbench/services/extensions/node/extensionHostProcess.js:554:248)
[2019-07-30 14:33:41.048] [exthost] [info] ExtensionService#_doActivateExtension vscode.configuration-editing {"startup":false,"activationEvent":"onLanguage:jsonc"}
[2019-07-30 14:33:41.048] [exthost] [info] ExtensionService#loadCommonJSModule /snap/code/11/usr/share/code/resources/app/extensions/configuration-editing/dist/extension
[2019-07-30 14:33:41.054] [exthost] [info] ExtensionService#_doActivateExtension vscode.json-language-features {"startup":false,"activationEvent":"onLanguage:jsonc"}
[2019-07-30 14:33:41.054] [exthost] [info] ExtensionService#loadCommonJSModule /snap/code/11/usr/share/code/resources/app/extensions/json-language-features/client/dist/jsonMain
[2019-07-30 14:36:59.011] [exthost] [error] [vscode.typescript-language-features] provider FAILED
[2019-07-30 14:36:59.011] [exthost] [error] Error: DisposableStore is missing...
	at R._convertCompletionItem (/snap/code/11/usr/share/code/resources/app/out/vs/workbench/services/extensions/node/extensionHostProcess.js:554:618)
	at define.resolveCompletionItem.o.asPromise.then.e (/snap/code/11/usr/share/code/resources/app/out/vs/workbench/services/extensions/node/extensionHostProcess.js:554:248)
[2019-07-30 14:37:19.997] [exthost] [error] [vscode.typescript-language-features] provider FAILED
[2019-07-30 14:37:19.997] [exthost] [error] Error: DisposableStore is missing...
	at R._convertCompletionItem (/snap/code/11/usr/share/code/resources/app/out/vs/workbench/services/extensions/node/extensionHostProcess.js:554:618)
	at define.resolveCompletionItem.o.asPromise.then.e (/snap/code/11/usr/share/code/resources/app/out/vs/workbench/services/extensions/node/extensionHostProcess.js:554:248)
[2019-07-30 14:37:35.062] [exthost] [error] [vscode.typescript-language-features] provider FAILED
[2019-07-30 14:37:35.062] [exthost] [error] Error: DisposableStore is missing...
	at R._convertCompletionItem (/snap/code/11/usr/share/code/resources/app/out/vs/workbench/services/extensions/node/extensionHostProcess.js:554:618)
	at define.resolveCompletionItem.o.asPromise.then.e (/snap/code/11/usr/share/code/resources/app/out/vs/workbench/services/extensions/node/extensionHostProcess.js:554:248)
[2019-07-30 14:44:54.473] [exthost] [error] [vscode.typescript-language-features] provider FAILED
[2019-07-30 14:44:54.473] [exthost] [error] Error: DisposableStore is missing...
	at R._convertCompletionItem (/snap/code/11/usr/share/code/resources/app/out/vs/workbench/services/extensions/node/extensionHostProcess.js:554:618)
	at define.resolveCompletionItem.o.asPromise.then.e (/snap/code/11/usr/share/code/resources/app/out/vs/workbench/services/extensions/node/extensionHostProcess.js:554:248)
[2019-07-30 14:45:34.285] [exthost] [error] [vscode.typescript-language-features] provider FAILED
[2019-07-30 14:45:34.285] [exthost] [error] Error: DisposableStore is missing...
	at R._convertCompletionItem (/snap/code/11/usr/share/code/resources/app/out/vs/workbench/services/extensions/node/extensionHostProcess.js:554:618)
	at define.resolveCompletionItem.o.asPromise.then.e (/snap/code/11/usr/share/code/resources/app/out/vs/workbench/services/extensions/node/extensionHostProcess.js:554:248)
[2019-07-30 15:06:58.356] [exthost] [error] [vscode.typescript-language-features] provider FAILED
[2019-07-30 15:06:58.356] [exthost] [error] Error: DisposableStore is missing...
	at R._convertCompletionItem (/snap/code/11/usr/share/code/resources/app/out/vs/workbench/services/extensions/node/extensionHostProcess.js:554:618)
	at define.resolveCompletionItem.o.asPromise.then.e (/snap/code/11/usr/share/code/resources/app/out/vs/workbench/services/extensions/node/extensionHostProcess.js:554:248)
[2019-07-30 15:27:26.742] [exthost] [error] [vscode.typescript-language-features] provider FAILED
[2019-07-30 15:27:26.742] [exthost] [error] Error: DisposableStore is missing...
	at R._convertCompletionItem (/snap/code/11/usr/share/code/resources/app/out/vs/workbench/services/extensions/node/extensionHostProcess.js:554:618)
	at define.resolveCompletionItem.o.asPromise.then.e (/snap/code/11/usr/share/code/resources/app/out/vs/workbench/services/extensions/node/extensionHostProcess.js:554:248)
[2019-07-30 15:29:54.833] [exthost] [error] [vscode.typescript-language-features] provider FAILED
[2019-07-30 15:29:54.833] [exthost] [error] Error: DisposableStore is missing...
	at R._convertCompletionItem (/snap/code/11/usr/share/code/resources/app/out/vs/workbench/services/extensions/node/extensionHostProcess.js:554:618)
	at define.resolveCompletionItem.o.asPromise.then.e (/snap/code/11/usr/share/code/resources/app/out/vs/workbench/services/extensions/node/extensionHostProcess.js:554:248)
[2019-07-31 09:26:07.521] [exthost] [info] ExtensionService#_doActivateExtension vscode.npm {"startup":false,"activationEvent":"onLanguage:json"}
[2019-07-31 09:26:07.521] [exthost] [info] ExtensionService#loadCommonJSModule /snap/code/11/usr/share/code/resources/app/extensions/npm/dist/main
[2019-07-31 11:31:53.697] [exthost] [info] ExtensionService#_doActivateExtension vscode.css-language-features {"startup":false,"activationEvent":"onLanguage:css"}
[2019-07-31 11:31:53.697] [exthost] [info] ExtensionService#loadCommonJSModule /snap/code/11/usr/share/code/resources/app/extensions/css-language-features/client/dist/cssMain
[2019-07-31 13:04:17.654] [exthost] [error] [vscode.typescript-language-features] provider FAILED
[2019-07-31 13:04:17.654] [exthost] [error] Error: <main> TypeScript Server Error (3.5.2)
Cannot read property 'parent' of undefined
TypeError: Cannot read property 'parent' of undefined
    at Object.deleteDeclaration (tsserver.js:112665:56)
    at _loop_9 (tsserver.js:112284:47)
    at ChangeTracker.finishDeleteDeclarations (tsserver.js:112291:21)
    at ChangeTracker.getChanges (tsserver.js:112311:22)
    at Function.ChangeTracker.with (tsserver.js:111856:32)
    at Object.getCodeActions (tsserver.js:116453:68)
    at tsserver.js:112841:121
    at Object.flatMap (tsserver.js:573:25)
    at Object.getFixes (tsserver.js:112841:23)
    at tsserver.js:122417:35
    at Object.flatMap (tsserver.js:573:25)
    at Object.getCodeFixesAtPosition (tsserver.js:122415:23)
    at IOSession.Session.getCodeFixes (tsserver.js:131471:64)
    at Session.handlers.ts.createMapFromTemplate._a.(anonymous function) (tsserver.js:130221:61)
    at tsserver.js:131665:88
    at IOSession.Session.executeWithRequestId (tsserver.js:131656:28)
    at IOSession.Session.executeCommand (tsserver.js:131665:33)
    at IOSession.Session.onMessage (tsserver.js:131687:35)
    at Interface.<anonymous> (tsserver.js:132978:27)
    at Interface.emit (events.js:182:13)
    at Interface._onLine (readline.js:290:10)
    at Interface._normalWrite (readline.js:433:12)
    at Socket.ondata (readline.js:149:10)
    at Socket.emit (events.js:182:13)
    at addChunk (_stream_readable.js:283:12)
    at readableAddChunk (_stream_readable.js:264:11)
    at Socket.Readable.push (_stream_readable.js:219:10)
    at Pipe.onStreamRead [as onread] (internal/stream_base_commons.js:94:17)
	at Function.create (/snap/code/11/usr/share/code/resources/app/extensions/typescript-language-features/dist/extension.js:53:63436)
	at h.dispatchResponse (/snap/code/11/usr/share/code/resources/app/extensions/typescript-language-features/dist/extension.js:53:56618)
	at h.dispatchMessage (/snap/code/11/usr/share/code/resources/app/extensions/typescript-language-features/dist/extension.js:53:55516)
	at constructor._reader.onData.e (/snap/code/11/usr/share/code/resources/app/extensions/typescript-language-features/dist/extension.js:53:54992)
	at u.fire (/snap/code/11/usr/share/code/resources/app/out/vs/workbench/services/extensions/node/extensionHostProcess.js:48:468)
	at t.Reader.onLengthData (/snap/code/11/usr/share/code/resources/app/extensions/typescript-language-features/dist/extension.js:53:61656)
	at Socket.t.Reader.constructor.e.on.e (/snap/code/11/usr/share/code/resources/app/extensions/typescript-language-features/dist/extension.js:53:61304)
	at Socket.emit (events.js:182:13)
	at addChunk (_stream_readable.js:283:12)
	at readableAddChunk (_stream_readable.js:264:11)
	at Socket.Readable.push (_stream_readable.js:219:10)
	at Pipe.onStreamRead [as onread] (internal/stream_base_commons.js:94:17)
[2019-07-31 13:34:58.141] [exthost] [info] ExtensionService#_doActivateExtension vscode.html-language-features {"startup":false,"activationEvent":"onLanguage:html"}
[2019-07-31 13:34:58.141] [exthost] [info] ExtensionService#loadCommonJSModule /snap/code/11/usr/share/code/resources/app/extensions/html-language-features/client/dist/htmlMain
[2019-07-31 13:40:03.528] [exthost] [error] [vscode.typescript-language-features] provider FAILED
[2019-07-31 13:40:03.528] [exthost] [error] Error: <main> TypeScript Server Error (3.5.2)
Debug Failure. Did not expect JsxClosingFragment to have an Identifier in its trivia
Error: Debug Failure. Did not expect JsxClosingFragment to have an Identifier in its trivia
    at addSyntheticNodes (tsserver.js:121116:30)
    at createChildren (tsserver.js:121105:9)
    at NodeObject.getChildren (tsserver.js:121049:56)
    at getTokenAtPositionWorker (tsserver.js:96666:43)
    at Object.getTokenAtPosition (tsserver.js:96658:16)
    at getInfo (tsserver.js:117588:28)
    at Object.getAvailableActions (tsserver.js:117572:28)
    at tsserver.js:112890:128
    at getIterator (tsserver.js:627:23)
    at Object.flatMapIterator (tsserver.js:610:27)
    at Object.getApplicableRefactors (tsserver.js:112889:36)
    at Object.getApplicableRefactors (tsserver.js:122652:32)
    at IOSession.Session.getApplicableRefactors (tsserver.js:131421:53)
    at Session.handlers.ts.createMapFromTemplate._a.(anonymous function) (tsserver.js:130239:61)
    at tsserver.js:131665:88
    at IOSession.Session.executeWithRequestId (tsserver.js:131656:28)
    at IOSession.Session.executeCommand (tsserver.js:131665:33)
    at IOSession.Session.onMessage (tsserver.js:131687:35)
    at Interface.<anonymous> (tsserver.js:132978:27)
    at Interface.emit (events.js:182:13)
    at Interface._onLine (readline.js:290:10)
    at Interface._normalWrite (readline.js:433:12)
    at Socket.ondata (readline.js:149:10)
    at Socket.emit (events.js:182:13)
    at addChunk (_stream_readable.js:283:12)
    at readableAddChunk (_stream_readable.js:264:11)
    at Socket.Readable.push (_stream_readable.js:219:10)
    at Pipe.onStreamRead [as onread] (internal/stream_base_commons.js:94:17)
	at Function.create (/snap/code/11/usr/share/code/resources/app/extensions/typescript-language-features/dist/extension.js:53:63436)
	at h.dispatchResponse (/snap/code/11/usr/share/code/resources/app/extensions/typescript-language-features/dist/extension.js:53:56618)
	at h.dispatchMessage (/snap/code/11/usr/share/code/resources/app/extensions/typescript-language-features/dist/extension.js:53:55516)
	at constructor._reader.onData.e (/snap/code/11/usr/share/code/resources/app/extensions/typescript-language-features/dist/extension.js:53:54992)
	at u.fire (/snap/code/11/usr/share/code/resources/app/out/vs/workbench/services/extensions/node/extensionHostProcess.js:48:468)
	at t.Reader.onLengthData (/snap/code/11/usr/share/code/resources/app/extensions/typescript-language-features/dist/extension.js:53:61656)
	at Socket.t.Reader.constructor.e.on.e (/snap/code/11/usr/share/code/resources/app/extensions/typescript-language-features/dist/extension.js:53:61304)
	at Socket.emit (events.js:182:13)
	at addChunk (_stream_readable.js:283:12)
	at readableAddChunk (_stream_readable.js:264:11)
	at Socket.Readable.push (_stream_readable.js:219:10)
	at Pipe.onStreamRead [as onread] (internal/stream_base_commons.js:94:17)
[2019-07-31 13:40:03.589] [exthost] [error] [vscode.typescript-language-features] provider FAILED
[2019-07-31 13:40:03.589] [exthost] [error] Error: <main> TypeScript Server Error (3.5.2)
Debug Failure. Did not expect JsxClosingFragment to have an Identifier in its trivia
Error: Debug Failure. Did not expect JsxClosingFragment to have an Identifier in its trivia
    at addSyntheticNodes (tsserver.js:121116:30)
    at createChildren (tsserver.js:121105:9)
    at NodeObject.getChildren (tsserver.js:121049:56)
    at getTokenAtPositionWorker (tsserver.js:96666:43)
    at getTouchingToken (tsserver.js:96653:16)
    at Object.getTouchingPropertyName (tsserver.js:96645:16)
    at Object.getDocumentHighlights (tsserver.js:101335:27)
    at Object.getDocumentHighlights (tsserver.js:122207:42)
    at IOSession.Session.getDocumentHighlights (tsserver.js:130800:71)
    at Session.handlers.ts.createMapFromTemplate._a.(anonymous function) (tsserver.js:130201:61)
    at tsserver.js:131665:88
    at IOSession.Session.executeWithRequestId (tsserver.js:131656:28)
    at IOSession.Session.executeCommand (tsserver.js:131665:33)
    at IOSession.Session.onMessage (tsserver.js:131687:35)
    at Interface.<anonymous> (tsserver.js:132978:27)
    at Interface.emit (events.js:182:13)
    at Interface._onLine (readline.js:290:10)
    at Interface._normalWrite (readline.js:433:12)
    at Socket.ondata (readline.js:149:10)
    at Socket.emit (events.js:182:13)
    at addChunk (_stream_readable.js:283:12)
    at readableAddChunk (_stream_readable.js:264:11)
    at Socket.Readable.push (_stream_readable.js:219:10)
    at Pipe.onStreamRead [as onread] (internal/stream_base_commons.js:94:17)
	at Function.create (/snap/code/11/usr/share/code/resources/app/extensions/typescript-language-features/dist/extension.js:53:63436)
	at h.dispatchResponse (/snap/code/11/usr/share/code/resources/app/extensions/typescript-language-features/dist/extension.js:53:56618)
	at h.dispatchMessage (/snap/code/11/usr/share/code/resources/app/extensions/typescript-language-features/dist/extension.js:53:55516)
	at constructor._reader.onData.e (/snap/code/11/usr/share/code/resources/app/extensions/typescript-language-features/dist/extension.js:53:54992)
	at u.fire (/snap/code/11/usr/share/code/resources/app/out/vs/workbench/services/extensions/node/extensionHostProcess.js:48:468)
	at t.Reader.onLengthData (/snap/code/11/usr/share/code/resources/app/extensions/typescript-language-features/dist/extension.js:53:61656)
	at Socket.t.Reader.constructor.e.on.e (/snap/code/11/usr/share/code/resources/app/extensions/typescript-language-features/dist/extension.js:53:61304)
	at Socket.emit (events.js:182:13)
	at addChunk (_stream_readable.js:283:12)
	at readableAddChunk (_stream_readable.js:264:11)
	at Socket.Readable.push (_stream_readable.js:219:10)
	at Pipe.onStreamRead [as onread] (internal/stream_base_commons.js:94:17)
[2019-07-31 13:40:04.260] [exthost] [error] [vscode.typescript-language-features] provider FAILED
[2019-07-31 13:40:04.260] [exthost] [error] Error: <main> TypeScript Server Error (3.5.2)
Debug Failure. Did not expect JsxClosingFragment to have an Identifier in its trivia
Error: Debug Failure. Did not expect JsxClosingFragment to have an Identifier in its trivia
    at addSyntheticNodes (tsserver.js:121116:30)
    at createChildren (tsserver.js:121105:9)
    at NodeObject.getChildren (tsserver.js:121049:56)
    at getTokenAtPositionWorker (tsserver.js:96666:43)
    at Object.getTokenAtPosition (tsserver.js:96658:16)
    at getInfo (tsserver.js:117588:28)
    at Object.getAvailableActions (tsserver.js:117572:28)
    at tsserver.js:112890:128
    at getIterator (tsserver.js:627:23)
    at Object.flatMapIterator (tsserver.js:610:27)
    at Object.getApplicableRefactors (tsserver.js:112889:36)
    at Object.getApplicableRefactors (tsserver.js:122652:32)
    at IOSession.Session.getApplicableRefactors (tsserver.js:131421:53)
    at Session.handlers.ts.createMapFromTemplate._a.(anonymous function) (tsserver.js:130239:61)
    at tsserver.js:131665:88
    at IOSession.Session.executeWithRequestId (tsserver.js:131656:28)
    at IOSession.Session.executeCommand (tsserver.js:131665:33)
    at IOSession.Session.onMessage (tsserver.js:131687:35)
    at Interface.<anonymous> (tsserver.js:132978:27)
    at Interface.emit (events.js:182:13)
    at Interface._onLine (readline.js:290:10)
    at Interface._normalWrite (readline.js:433:12)
    at Socket.ondata (readline.js:149:10)
    at Socket.emit (events.js:182:13)
    at addChunk (_stream_readable.js:283:12)
    at readableAddChunk (_stream_readable.js:264:11)
    at Socket.Readable.push (_stream_readable.js:219:10)
    at Pipe.onStreamRead [as onread] (internal/stream_base_commons.js:94:17)
	at Function.create (/snap/code/11/usr/share/code/resources/app/extensions/typescript-language-features/dist/extension.js:53:63436)
	at h.dispatchResponse (/snap/code/11/usr/share/code/resources/app/extensions/typescript-language-features/dist/extension.js:53:56618)
	at h.dispatchMessage (/snap/code/11/usr/share/code/resources/app/extensions/typescript-language-features/dist/extension.js:53:55516)
	at constructor._reader.onData.e (/snap/code/11/usr/share/code/resources/app/extensions/typescript-language-features/dist/extension.js:53:54992)
	at u.fire (/snap/code/11/usr/share/code/resources/app/out/vs/workbench/services/extensions/node/extensionHostProcess.js:48:468)
	at t.Reader.onLengthData (/snap/code/11/usr/share/code/resources/app/extensions/typescript-language-features/dist/extension.js:53:61656)
	at Socket.t.Reader.constructor.e.on.e (/snap/code/11/usr/share/code/resources/app/extensions/typescript-language-features/dist/extension.js:53:61304)
	at Socket.emit (events.js:182:13)
	at addChunk (_stream_readable.js:283:12)
	at readableAddChunk (_stream_readable.js:264:11)
	at Socket.Readable.push (_stream_readable.js:219:10)
	at Pipe.onStreamRead [as onread] (internal/stream_base_commons.js:94:17)
[2019-08-02 10:33:21.392] [exthost] [error] [vscode.typescript-language-features] provider FAILED
[2019-08-02 10:33:21.392] [exthost] [error] Error: <main> TypeScript Server Error (3.5.2)
Debug Failure. Did not expect JsxClosingFragment to have an Identifier in its trivia
Error: Debug Failure. Did not expect JsxClosingFragment to have an Identifier in its trivia
    at addSyntheticNodes (tsserver.js:121116:30)
    at createChildren (tsserver.js:121105:9)
    at NodeObject.getChildren (tsserver.js:121049:56)
    at findRightmostToken (tsserver.js:96777:26)
    at findRightmostToken (tsserver.js:96779:29)
    at findRightmostToken (tsserver.js:96779:29)
    at findRightmostToken (tsserver.js:96779:29)
    at findRightmostToken (tsserver.js:96779:29)
    at findRightmostToken (tsserver.js:96779:29)
    at findRightmostToken (tsserver.js:96779:29)
    at findRightmostToken (tsserver.js:96779:29)
    at findRightmostToken (tsserver.js:96779:29)
    at findRightmostToken (tsserver.js:96779:29)
    at findRightmostToken (tsserver.js:96779:29)
    at find (tsserver.js:96752:47)
    at find (tsserver.js:96756:32)
    at findPrecedingToken (tsserver.js:96729:22)
    at Object.findTokenOnLeftOfPosition (tsserver.js:96703:16)
    at getRangeToExtract (tsserver.js:118042:53)
    at Object.getAvailableActions (tsserver.js:117899:38)
    at tsserver.js:112890:128
    at getIterator (tsserver.js:627:23)
    at Object.next (tsserver.js:622:35)
    at Object.arrayFrom (tsserver.js:1255:32)
    at Object.getApplicableRefactors (tsserver.js:112889:23)
    at Object.getApplicableRefactors (tsserver.js:122652:32)
    at IOSession.Session.getApplicableRefactors (tsserver.js:131421:53)
    at Session.handlers.ts.createMapFromTemplate._a.(anonymous function) (tsserver.js:130239:61)
    at tsserver.js:131665:88
    at IOSession.Session.executeWithRequestId (tsserver.js:131656:28)
    at IOSession.Session.executeCommand (tsserver.js:131665:33)
    at IOSession.Session.onMessage (tsserver.js:131687:35)
    at Interface.<anonymous> (tsserver.js:132978:27)
    at Interface.emit (events.js:182:13)
    at Interface._onLine (readline.js:290:10)
    at Interface._normalWrite (readline.js:433:12)
    at Socket.ondata (readline.js:149:10)
    at Socket.emit (events.js:182:13)
    at addChunk (_stream_readable.js:283:12)
    at readableAddChunk (_stream_readable.js:264:11)
    at Socket.Readable.push (_stream_readable.js:219:10)
    at Pipe.onStreamRead [as onread] (internal/stream_base_commons.js:94:17)
	at Function.create (/snap/code/11/usr/share/code/resources/app/extensions/typescript-language-features/dist/extension.js:53:63436)
	at h.dispatchResponse (/snap/code/11/usr/share/code/resources/app/extensions/typescript-language-features/dist/extension.js:53:56618)
	at h.dispatchMessage (/snap/code/11/usr/share/code/resources/app/extensions/typescript-language-features/dist/extension.js:53:55516)
	at constructor._reader.onData.e (/snap/code/11/usr/share/code/resources/app/extensions/typescript-language-features/dist/extension.js:53:54992)
	at u.fire (/snap/code/11/usr/share/code/resources/app/out/vs/workbench/services/extensions/node/extensionHostProcess.js:48:468)
	at t.Reader.onLengthData (/snap/code/11/usr/share/code/resources/app/extensions/typescript-language-features/dist/extension.js:53:61656)
	at Socket.t.Reader.constructor.e.on.e (/snap/code/11/usr/share/code/resources/app/extensions/typescript-language-features/dist/extension.js:53:61304)
	at Socket.emit (events.js:182:13)
	at addChunk (_stream_readable.js:283:12)
	at readableAddChunk (_stream_readable.js:264:11)
	at Socket.Readable.push (_stream_readable.js:219:10)
	at Pipe.onStreamRead [as onread] (internal/stream_base_commons.js:94:17)
[2019-08-02 10:34:03.916] [exthost] [error] [vscode.typescript-language-features] provider FAILED
[2019-08-02 10:34:03.917] [exthost] [error] Error: <main> TypeScript Server Error (3.5.2)
Debug Failure. Did not expect JsxClosingFragment to have an Identifier in its trivia
Error: Debug Failure. Did not expect JsxClosingFragment to have an Identifier in its trivia
    at addSyntheticNodes (tsserver.js:121116:30)
    at createChildren (tsserver.js:121105:9)
    at NodeObject.getChildren (tsserver.js:121049:56)
    at findRightmostToken (tsserver.js:96777:26)
    at findRightmostToken (tsserver.js:96779:29)
    at findRightmostToken (tsserver.js:96779:29)
    at findRightmostToken (tsserver.js:96779:29)
    at findRightmostToken (tsserver.js:96779:29)
    at findRightmostToken (tsserver.js:96779:29)
    at findRightmostToken (tsserver.js:96779:29)
    at findRightmostToken (tsserver.js:96779:29)
    at findRightmostToken (tsserver.js:96779:29)
    at findRightmostToken (tsserver.js:96779:29)
    at find (tsserver.js:96766:33)
    at findPrecedingToken (tsserver.js:96729:22)
    at getTokenAtPositionWorker (tsserver.js:96679:41)
    at getTouchingToken (tsserver.js:96653:16)
    at Object.getTouchingPropertyName (tsserver.js:96645:16)
    at Object.getQuickInfoAtPosition (tsserver.js:122120:27)
    at IOSession.Session.getQuickInfoWorker (tsserver.js:131043:62)
    at Session.handlers.ts.createMapFromTemplate._a.(anonymous function) (tsserver.js:130049:61)
    at tsserver.js:131665:88
    at IOSession.Session.executeWithRequestId (tsserver.js:131656:28)
    at IOSession.Session.executeCommand (tsserver.js:131665:33)
    at IOSession.Session.onMessage (tsserver.js:131687:35)
    at Interface.<anonymous> (tsserver.js:132978:27)
    at Interface.emit (events.js:182:13)
    at Interface._onLine (readline.js:290:10)
    at Interface._normalWrite (readline.js:433:12)
    at Socket.ondata (readline.js:149:10)
    at Socket.emit (events.js:182:13)
    at addChunk (_stream_readable.js:283:12)
    at readableAddChunk (_stream_readable.js:264:11)
    at Socket.Readable.push (_stream_readable.js:219:10)
    at Pipe.onStreamRead [as onread] (internal/stream_base_commons.js:94:17)
	at Function.create (/snap/code/11/usr/share/code/resources/app/extensions/typescript-language-features/dist/extension.js:53:63436)
	at h.dispatchResponse (/snap/code/11/usr/share/code/resources/app/extensions/typescript-language-features/dist/extension.js:53:56618)
	at h.dispatchMessage (/snap/code/11/usr/share/code/resources/app/extensions/typescript-language-features/dist/extension.js:53:55516)
	at constructor._reader.onData.e (/snap/code/11/usr/share/code/resources/app/extensions/typescript-language-features/dist/extension.js:53:54992)
	at u.fire (/snap/code/11/usr/share/code/resources/app/out/vs/workbench/services/extensions/node/extensionHostProcess.js:48:468)
	at t.Reader.onLengthData (/snap/code/11/usr/share/code/resources/app/extensions/typescript-language-features/dist/extension.js:53:61656)
	at Socket.t.Reader.constructor.e.on.e (/snap/code/11/usr/share/code/resources/app/extensions/typescript-language-features/dist/extension.js:53:61304)
	at Socket.emit (events.js:182:13)
	at addChunk (_stream_readable.js:283:12)
	at readableAddChunk (_stream_readable.js:264:11)
	at Socket.Readable.push (_stream_readable.js:219:10)
	at Pipe.onStreamRead [as onread] (internal/stream_base_commons.js:94:17)
[2019-08-02 10:34:04.780] [exthost] [error] [vscode.typescript-language-features] provider FAILED
[2019-08-02 10:34:04.780] [exthost] [error] Error: <main> TypeScript Server Error (3.5.2)
Debug Failure. Did not expect JsxClosingFragment to have an Identifier in its trivia
Error: Debug Failure. Did not expect JsxClosingFragment to have an Identifier in its trivia
    at addSyntheticNodes (tsserver.js:121116:30)
    at createChildren (tsserver.js:121105:9)
    at NodeObject.getChildren (tsserver.js:121049:56)
    at findRightmostToken (tsserver.js:96777:26)
    at findRightmostToken (tsserver.js:96779:29)
    at findRightmostToken (tsserver.js:96779:29)
    at findRightmostToken (tsserver.js:96779:29)
    at findRightmostToken (tsserver.js:96779:29)
    at findRightmostToken (tsserver.js:96779:29)
    at findRightmostToken (tsserver.js:96779:29)
    at findRightmostToken (tsserver.js:96779:29)
    at findRightmostToken (tsserver.js:96779:29)
    at findRightmostToken (tsserver.js:96779:29)
    at findRightmostToken (tsserver.js:96779:29)
    at find (tsserver.js:96752:47)
    at find (tsserver.js:96756:32)
    at findPrecedingToken (tsserver.js:96729:22)
    at Object.findTokenOnLeftOfPosition (tsserver.js:96703:16)
    at getRangeToExtract (tsserver.js:118042:53)
    at Object.getAvailableActions (tsserver.js:117899:38)
    at tsserver.js:112890:128
    at getIterator (tsserver.js:627:23)
    at Object.next (tsserver.js:622:35)
    at Object.arrayFrom (tsserver.js:1255:32)
    at Object.getApplicableRefactors (tsserver.js:112889:23)
    at Object.getApplicableRefactors (tsserver.js:122652:32)
    at IOSession.Session.getApplicableRefactors (tsserver.js:131421:53)
    at Session.handlers.ts.createMapFromTemplate._a.(anonymous function) (tsserver.js:130239:61)
    at tsserver.js:131665:88
    at IOSession.Session.executeWithRequestId (tsserver.js:131656:28)
    at IOSession.Session.executeCommand (tsserver.js:131665:33)
    at IOSession.Session.onMessage (tsserver.js:131687:35)
    at Interface.<anonymous> (tsserver.js:132978:27)
    at Interface.emit (events.js:182:13)
    at Interface._onLine (readline.js:290:10)
    at Interface._normalWrite (readline.js:433:12)
    at Socket.ondata (readline.js:149:10)
    at Socket.emit (events.js:182:13)
    at addChunk (_stream_readable.js:283:12)
    at readableAddChunk (_stream_readable.js:264:11)
    at Socket.Readable.push (_stream_readable.js:219:10)
    at Pipe.onStreamRead [as onread] (internal/stream_base_commons.js:94:17)
	at Function.create (/snap/code/11/usr/share/code/resources/app/extensions/typescript-language-features/dist/extension.js:53:63436)
	at h.dispatchResponse (/snap/code/11/usr/share/code/resources/app/extensions/typescript-language-features/dist/extension.js:53:56618)
	at h.dispatchMessage (/snap/code/11/usr/share/code/resources/app/extensions/typescript-language-features/dist/extension.js:53:55516)
	at constructor._reader.onData.e (/snap/code/11/usr/share/code/resources/app/extensions/typescript-language-features/dist/extension.js:53:54992)
	at u.fire (/snap/code/11/usr/share/code/resources/app/out/vs/workbench/services/extensions/node/extensionHostProcess.js:48:468)
	at t.Reader.onLengthData (/snap/code/11/usr/share/code/resources/app/extensions/typescript-language-features/dist/extension.js:53:61656)
	at Socket.t.Reader.constructor.e.on.e (/snap/code/11/usr/share/code/resources/app/extensions/typescript-language-features/dist/extension.js:53:61304)
	at Socket.emit (events.js:182:13)
	at addChunk (_stream_readable.js:283:12)
	at readableAddChunk (_stream_readable.js:264:11)
	at Socket.Readable.push (_stream_readable.js:219:10)
	at Pipe.onStreamRead [as onread] (internal/stream_base_commons.js:94:17)
[2019-08-02 10:34:05.126] [exthost] [error] [vscode.typescript-language-features] provider FAILED
[2019-08-02 10:34:05.126] [exthost] [error] Error: <main> TypeScript Server Error (3.5.2)
Debug Failure. Did not expect JsxClosingFragment to have an Identifier in its trivia
Error: Debug Failure. Did not expect JsxClosingFragment to have an Identifier in its trivia
    at addSyntheticNodes (tsserver.js:121116:30)
    at createChildren (tsserver.js:121105:9)
    at NodeObject.getChildren (tsserver.js:121049:56)
    at findRightmostToken (tsserver.js:96777:26)
    at findRightmostToken (tsserver.js:96779:29)
    at findRightmostToken (tsserver.js:96779:29)
    at findRightmostToken (tsserver.js:96779:29)
    at findRightmostToken (tsserver.js:96779:29)
    at findRightmostToken (tsserver.js:96779:29)
    at findRightmostToken (tsserver.js:96779:29)
    at findRightmostToken (tsserver.js:96779:29)
    at findRightmostToken (tsserver.js:96779:29)
    at findRightmostToken (tsserver.js:96779:29)
    at findRightmostToken (tsserver.js:96779:29)
    at find (tsserver.js:96752:47)
    at find (tsserver.js:96756:32)
    at findPrecedingToken (tsserver.js:96729:22)
    at Object.findTokenOnLeftOfPosition (tsserver.js:96703:16)
    at getRangeToExtract (tsserver.js:118042:53)
    at Object.getAvailableActions (tsserver.js:117899:38)
    at tsserver.js:112890:128
    at getIterator (tsserver.js:627:23)
    at Object.next (tsserver.js:622:35)
    at Object.arrayFrom (tsserver.js:1255:32)
    at Object.getApplicableRefactors (tsserver.js:112889:23)
    at Object.getApplicableRefactors (tsserver.js:122652:32)
    at IOSession.Session.getApplicableRefactors (tsserver.js:131421:53)
    at Session.handlers.ts.createMapFromTemplate._a.(anonymous function) (tsserver.js:130239:61)
    at tsserver.js:131665:88
    at IOSession.Session.executeWithRequestId (tsserver.js:131656:28)
    at IOSession.Session.executeCommand (tsserver.js:131665:33)
    at IOSession.Session.onMessage (tsserver.js:131687:35)
    at Interface.<anonymous> (tsserver.js:132978:27)
    at Interface.emit (events.js:182:13)
    at Interface._onLine (readline.js:290:10)
    at Interface._normalWrite (readline.js:433:12)
    at Socket.ondata (readline.js:149:10)
    at Socket.emit (events.js:182:13)
    at addChunk (_stream_readable.js:283:12)
    at readableAddChunk (_stream_readable.js:264:11)
    at Socket.Readable.push (_stream_readable.js:219:10)
    at Pipe.onStreamRead [as onread] (internal/stream_base_commons.js:94:17)
	at Function.create (/snap/code/11/usr/share/code/resources/app/extensions/typescript-language-features/dist/extension.js:53:63436)
	at h.dispatchResponse (/snap/code/11/usr/share/code/resources/app/extensions/typescript-language-features/dist/extension.js:53:56618)
	at h.dispatchMessage (/snap/code/11/usr/share/code/resources/app/extensions/typescript-language-features/dist/extension.js:53:55516)
	at constructor._reader.onData.e (/snap/code/11/usr/share/code/resources/app/extensions/typescript-language-features/dist/extension.js:53:54992)
	at u.fire (/snap/code/11/usr/share/code/resources/app/out/vs/workbench/services/extensions/node/extensionHostProcess.js:48:468)
	at t.Reader.onLengthData (/snap/code/11/usr/share/code/resources/app/extensions/typescript-language-features/dist/extension.js:53:61656)
	at Socket.t.Reader.constructor.e.on.e (/snap/code/11/usr/share/code/resources/app/extensions/typescript-language-features/dist/extension.js:53:61304)
	at Socket.emit (events.js:182:13)
	at addChunk (_stream_readable.js:283:12)
	at readableAddChunk (_stream_readable.js:264:11)
	at Socket.Readable.push (_stream_readable.js:219:10)
	at Pipe.onStreamRead [as onread] (internal/stream_base_commons.js:94:17)
[2019-08-02 10:34:05.620] [exthost] [error] [vscode.typescript-language-features] provider FAILED
[2019-08-02 10:34:05.621] [exthost] [error] Error: <main> TypeScript Server Error (3.5.2)
Debug Failure. Did not expect JsxClosingFragment to have an Identifier in its trivia
Error: Debug Failure. Did not expect JsxClosingFragment to have an Identifier in its trivia
    at addSyntheticNodes (tsserver.js:121116:30)
    at createChildren (tsserver.js:121105:9)
    at NodeObject.getChildren (tsserver.js:121049:56)
    at findRightmostToken (tsserver.js:96777:26)
    at findRightmostToken (tsserver.js:96779:29)
    at findRightmostToken (tsserver.js:96779:29)
    at findRightmostToken (tsserver.js:96779:29)
    at findRightmostToken (tsserver.js:96779:29)
    at findRightmostToken (tsserver.js:96779:29)
    at findRightmostToken (tsserver.js:96779:29)
    at findRightmostToken (tsserver.js:96779:29)
    at findRightmostToken (tsserver.js:96779:29)
    at findRightmostToken (tsserver.js:96779:29)
    at findRightmostToken (tsserver.js:96779:29)
    at find (tsserver.js:96752:47)
    at find (tsserver.js:96756:32)
    at findPrecedingToken (tsserver.js:96729:22)
    at Object.findTokenOnLeftOfPosition (tsserver.js:96703:16)
    at getRangeToExtract (tsserver.js:118042:53)
    at Object.getAvailableActions (tsserver.js:117899:38)
    at tsserver.js:112890:128
    at getIterator (tsserver.js:627:23)
    at Object.next (tsserver.js:622:35)
    at Object.arrayFrom (tsserver.js:1255:32)
    at Object.getApplicableRefactors (tsserver.js:112889:23)
    at Object.getApplicableRefactors (tsserver.js:122652:32)
    at IOSession.Session.getApplicableRefactors (tsserver.js:131421:53)
    at Session.handlers.ts.createMapFromTemplate._a.(anonymous function) (tsserver.js:130239:61)
    at tsserver.js:131665:88
    at IOSession.Session.executeWithRequestId (tsserver.js:131656:28)
    at IOSession.Session.executeCommand (tsserver.js:131665:33)
    at IOSession.Session.onMessage (tsserver.js:131687:35)
    at Interface.<anonymous> (tsserver.js:132978:27)
    at Interface.emit (events.js:182:13)
    at Interface._onLine (readline.js:290:10)
    at Interface._normalWrite (readline.js:433:12)
    at Socket.ondata (readline.js:149:10)
    at Socket.emit (events.js:182:13)
    at addChunk (_stream_readable.js:283:12)
    at readableAddChunk (_stream_readable.js:264:11)
    at Socket.Readable.push (_stream_readable.js:219:10)
    at Pipe.onStreamRead [as onread] (internal/stream_base_commons.js:94:17)
	at Function.create (/snap/code/11/usr/share/code/resources/app/extensions/typescript-language-features/dist/extension.js:53:63436)
	at h.dispatchResponse (/snap/code/11/usr/share/code/resources/app/extensions/typescript-language-features/dist/extension.js:53:56618)
	at h.dispatchMessage (/snap/code/11/usr/share/code/resources/app/extensions/typescript-language-features/dist/extension.js:53:55516)
	at constructor._reader.onData.e (/snap/code/11/usr/share/code/resources/app/extensions/typescript-language-features/dist/extension.js:53:54992)
	at u.fire (/snap/code/11/usr/share/code/resources/app/out/vs/workbench/services/extensions/node/extensionHostProcess.js:48:468)
	at t.Reader.onLengthData (/snap/code/11/usr/share/code/resources/app/extensions/typescript-language-features/dist/extension.js:53:61656)
	at Socket.t.Reader.constructor.e.on.e (/snap/code/11/usr/share/code/resources/app/extensions/typescript-language-features/dist/extension.js:53:61304)
	at Socket.emit (events.js:182:13)
	at addChunk (_stream_readable.js:283:12)
	at readableAddChunk (_stream_readable.js:264:11)
	at Socket.Readable.push (_stream_readable.js:219:10)
	at Pipe.onStreamRead [as onread] (internal/stream_base_commons.js:94:17)
[2019-08-02 10:35:38.669] [exthost] [error] [vscode.typescript-language-features] provider FAILED
[2019-08-02 10:35:38.669] [exthost] [error] Error: <main> TypeScript Server Error (3.5.2)
Debug Failure. Did not expect JsxClosingFragment to have an Identifier in its trivia
Error: Debug Failure. Did not expect JsxClosingFragment to have an Identifier in its trivia
    at addSyntheticNodes (tsserver.js:121116:30)
    at createChildren (tsserver.js:121105:9)
    at NodeObject.getChildren (tsserver.js:121049:56)
    at getTokenAtPositionWorker (tsserver.js:96666:43)
    at getTokenAtPosition (tsserver.js:96658:16)
    at Object.findTokenOnLeftOfPosition (tsserver.js:96699:31)
    at Object.getSignatureHelpItems (tsserver.js:107507:36)
    at Object.getSignatureHelpItems (tsserver.js:122260:37)
    at IOSession.Session.getSignatureHelpItems (tsserver.js:131218:62)
    at Session.handlers.ts.createMapFromTemplate._a.(anonymous function) (tsserver.js:130118:61)
    at tsserver.js:131665:88
    at IOSession.Session.executeWithRequestId (tsserver.js:131656:28)
    at IOSession.Session.executeCommand (tsserver.js:131665:33)
    at IOSession.Session.onMessage (tsserver.js:131687:35)
    at Interface.<anonymous> (tsserver.js:132978:27)
    at Interface.emit (events.js:182:13)
    at Interface._onLine (readline.js:290:10)
    at Interface._normalWrite (readline.js:433:12)
    at Socket.ondata (readline.js:149:10)
    at Socket.emit (events.js:182:13)
    at addChunk (_stream_readable.js:283:12)
    at readableAddChunk (_stream_readable.js:264:11)
    at Socket.Readable.push (_stream_readable.js:219:10)
    at Pipe.onStreamRead [as onread] (internal/stream_base_commons.js:94:17)
	at Function.create (/snap/code/11/usr/share/code/resources/app/extensions/typescript-language-features/dist/extension.js:53:63436)
	at h.dispatchResponse (/snap/code/11/usr/share/code/resources/app/extensions/typescript-language-features/dist/extension.js:53:56618)
	at h.dispatchMessage (/snap/code/11/usr/share/code/resources/app/extensions/typescript-language-features/dist/extension.js:53:55516)
	at constructor._reader.onData.e (/snap/code/11/usr/share/code/resources/app/extensions/typescript-language-features/dist/extension.js:53:54992)
	at u.fire (/snap/code/11/usr/share/code/resources/app/out/vs/workbench/services/extensions/node/extensionHostProcess.js:48:468)
	at t.Reader.onLengthData (/snap/code/11/usr/share/code/resources/app/extensions/typescript-language-features/dist/extension.js:53:61656)
	at Socket.t.Reader.constructor.e.on.e (/snap/code/11/usr/share/code/resources/app/extensions/typescript-language-features/dist/extension.js:53:61304)
	at Socket.emit (events.js:182:13)
	at addChunk (_stream_readable.js:283:12)
	at readableAddChunk (_stream_readable.js:264:11)
	at Socket.Readable.push (_stream_readable.js:219:10)
	at Pipe.onStreamRead [as onread] (internal/stream_base_commons.js:94:17)
[2019-08-02 10:35:38.791] [exthost] [error] [vscode.typescript-language-features] provider FAILED
[2019-08-02 10:35:38.791] [exthost] [error] Error: <main> TypeScript Server Error (3.5.2)
Debug Failure. Did not expect JsxClosingFragment to have an Identifier in its trivia
Error: Debug Failure. Did not expect JsxClosingFragment to have an Identifier in its trivia
    at addSyntheticNodes (tsserver.js:121116:30)
    at createChildren (tsserver.js:121105:9)
    at NodeObject.getChildren (tsserver.js:121049:56)
    at getTokenAtPositionWorker (tsserver.js:96666:43)
    at Object.getTokenAtPosition (tsserver.js:96658:16)
    at getInfo (tsserver.js:117588:28)
    at Object.getAvailableActions (tsserver.js:117572:28)
    at tsserver.js:112890:128
    at getIterator (tsserver.js:627:23)
    at Object.flatMapIterator (tsserver.js:610:27)
    at Object.getApplicableRefactors (tsserver.js:112889:36)
    at Object.getApplicableRefactors (tsserver.js:122652:32)
    at IOSession.Session.getApplicableRefactors (tsserver.js:131421:53)
    at Session.handlers.ts.createMapFromTemplate._a.(anonymous function) (tsserver.js:130239:61)
    at tsserver.js:131665:88
    at IOSession.Session.executeWithRequestId (tsserver.js:131656:28)
    at IOSession.Session.executeCommand (tsserver.js:131665:33)
    at IOSession.Session.onMessage (tsserver.js:131687:35)
    at Interface.<anonymous> (tsserver.js:132978:27)
    at Interface.emit (events.js:182:13)
    at Interface._onLine (readline.js:290:10)
    at Interface._normalWrite (readline.js:433:12)
    at Socket.ondata (readline.js:149:10)
    at Socket.emit (events.js:182:13)
    at addChunk (_stream_readable.js:283:12)
    at readableAddChunk (_stream_readable.js:264:11)
    at Socket.Readable.push (_stream_readable.js:219:10)
    at Pipe.onStreamRead [as onread] (internal/stream_base_commons.js:94:17)
	at Function.create (/snap/code/11/usr/share/code/resources/app/extensions/typescript-language-features/dist/extension.js:53:63436)
	at h.dispatchResponse (/snap/code/11/usr/share/code/resources/app/extensions/typescript-language-features/dist/extension.js:53:56618)
	at h.dispatchMessage (/snap/code/11/usr/share/code/resources/app/extensions/typescript-language-features/dist/extension.js:53:55516)
	at constructor._reader.onData.e (/snap/code/11/usr/share/code/resources/app/extensions/typescript-language-features/dist/extension.js:53:54992)
	at u.fire (/snap/code/11/usr/share/code/resources/app/out/vs/workbench/services/extensions/node/extensionHostProcess.js:48:468)
	at t.Reader.onLengthData (/snap/code/11/usr/share/code/resources/app/extensions/typescript-language-features/dist/extension.js:53:61656)
	at Socket.t.Reader.constructor.e.on.e (/snap/code/11/usr/share/code/resources/app/extensions/typescript-language-features/dist/extension.js:53:61304)
	at Socket.emit (events.js:182:13)
	at addChunk (_stream_readable.js:283:12)
	at readableAddChunk (_stream_readable.js:264:11)
	at Socket.Readable.push (_stream_readable.js:219:10)
	at Pipe.onStreamRead [as onread] (internal/stream_base_commons.js:94:17)
[2019-08-02 10:35:52.772] [exthost] [error] [vscode.typescript-language-features] provider FAILED
[2019-08-02 10:35:52.772] [exthost] [error] Error: <main> TypeScript Server Error (3.5.2)
Debug Failure. Did not expect JsxClosingFragment to have an Identifier in its trivia
Error: Debug Failure. Did not expect JsxClosingFragment to have an Identifier in its trivia
    at addSyntheticNodes (tsserver.js:121116:30)
    at createChildren (tsserver.js:121105:9)
    at NodeObject.getChildren (tsserver.js:121049:56)
    at getTokenAtPositionWorker (tsserver.js:96666:43)
    at Object.getTokenAtPosition (tsserver.js:96658:16)
    at getInfo (tsserver.js:117588:28)
    at Object.getAvailableActions (tsserver.js:117572:28)
    at tsserver.js:112890:128
    at getIterator (tsserver.js:627:23)
    at Object.flatMapIterator (tsserver.js:610:27)
    at Object.getApplicableRefactors (tsserver.js:112889:36)
    at Object.getApplicableRefactors (tsserver.js:122652:32)
    at IOSession.Session.getApplicableRefactors (tsserver.js:131421:53)
    at Session.handlers.ts.createMapFromTemplate._a.(anonymous function) (tsserver.js:130239:61)
    at tsserver.js:131665:88
    at IOSession.Session.executeWithRequestId (tsserver.js:131656:28)
    at IOSession.Session.executeCommand (tsserver.js:131665:33)
    at IOSession.Session.onMessage (tsserver.js:131687:35)
    at Interface.<anonymous> (tsserver.js:132978:27)
    at Interface.emit (events.js:182:13)
    at Interface._onLine (readline.js:290:10)
    at Interface._normalWrite (readline.js:433:12)
    at Socket.ondata (readline.js:149:10)
    at Socket.emit (events.js:182:13)
    at addChunk (_stream_readable.js:283:12)
    at readableAddChunk (_stream_readable.js:264:11)
    at Socket.Readable.push (_stream_readable.js:219:10)
    at Pipe.onStreamRead [as onread] (internal/stream_base_commons.js:94:17)
	at Function.create (/snap/code/11/usr/share/code/resources/app/extensions/typescript-language-features/dist/extension.js:53:63436)
	at h.dispatchResponse (/snap/code/11/usr/share/code/resources/app/extensions/typescript-language-features/dist/extension.js:53:56618)
	at h.dispatchMessage (/snap/code/11/usr/share/code/resources/app/extensions/typescript-language-features/dist/extension.js:53:55516)
	at constructor._reader.onData.e (/snap/code/11/usr/share/code/resources/app/extensions/typescript-language-features/dist/extension.js:53:54992)
	at u.fire (/snap/code/11/usr/share/code/resources/app/out/vs/workbench/services/extensions/node/extensionHostProcess.js:48:468)
	at t.Reader.onLengthData (/snap/code/11/usr/share/code/resources/app/extensions/typescript-language-features/dist/extension.js:53:61656)
	at Socket.t.Reader.constructor.e.on.e (/snap/code/11/usr/share/code/resources/app/extensions/typescript-language-features/dist/extension.js:53:61304)
	at Socket.emit (events.js:182:13)
	at addChunk (_stream_readable.js:283:12)
	at readableAddChunk (_stream_readable.js:264:11)
	at Socket.Readable.push (_stream_readable.js:219:10)
	at Pipe.onStreamRead [as onread] (internal/stream_base_commons.js:94:17)
[2019-08-02 10:35:53.133] [exthost] [error] [vscode.typescript-language-features] provider FAILED
[2019-08-02 10:35:53.133] [exthost] [error] Error: <main> TypeScript Server Error (3.5.2)
Debug Failure. Did not expect JsxClosingFragment to have an Identifier in its trivia
Error: Debug Failure. Did not expect JsxClosingFragment to have an Identifier in its trivia
    at addSyntheticNodes (tsserver.js:121116:30)
    at createChildren (tsserver.js:121105:9)
    at NodeObject.getChildren (tsserver.js:121049:56)
    at getTokenAtPositionWorker (tsserver.js:96666:43)
    at Object.getTokenAtPosition (tsserver.js:96658:16)
    at getInfo (tsserver.js:117588:28)
    at Object.getAvailableActions (tsserver.js:117572:28)
    at tsserver.js:112890:128
    at getIterator (tsserver.js:627:23)
    at Object.flatMapIterator (tsserver.js:610:27)
    at Object.getApplicableRefactors (tsserver.js:112889:36)
    at Object.getApplicableRefactors (tsserver.js:122652:32)
    at IOSession.Session.getApplicableRefactors (tsserver.js:131421:53)
    at Session.handlers.ts.createMapFromTemplate._a.(anonymous function) (tsserver.js:130239:61)
    at tsserver.js:131665:88
    at IOSession.Session.executeWithRequestId (tsserver.js:131656:28)
    at IOSession.Session.executeCommand (tsserver.js:131665:33)
    at IOSession.Session.onMessage (tsserver.js:131687:35)
    at Interface.<anonymous> (tsserver.js:132978:27)
    at Interface.emit (events.js:182:13)
    at Interface._onLine (readline.js:290:10)
    at Interface._normalWrite (readline.js:433:12)
    at Socket.ondata (readline.js:149:10)
    at Socket.emit (events.js:182:13)
    at addChunk (_stream_readable.js:283:12)
    at readableAddChunk (_stream_readable.js:264:11)
    at Socket.Readable.push (_stream_readable.js:219:10)
    at Pipe.onStreamRead [as onread] (internal/stream_base_commons.js:94:17)
	at Function.create (/snap/code/11/usr/share/code/resources/app/extensions/typescript-language-features/dist/extension.js:53:63436)
	at h.dispatchResponse (/snap/code/11/usr/share/code/resources/app/extensions/typescript-language-features/dist/extension.js:53:56618)
	at h.dispatchMessage (/snap/code/11/usr/share/code/resources/app/extensions/typescript-language-features/dist/extension.js:53:55516)
	at constructor._reader.onData.e (/snap/code/11/usr/share/code/resources/app/extensions/typescript-language-features/dist/extension.js:53:54992)
	at u.fire (/snap/code/11/usr/share/code/resources/app/out/vs/workbench/services/extensions/node/extensionHostProcess.js:48:468)
	at t.Reader.onLengthData (/snap/code/11/usr/share/code/resources/app/extensions/typescript-language-features/dist/extension.js:53:61656)
	at Socket.t.Reader.constructor.e.on.e (/snap/code/11/usr/share/code/resources/app/extensions/typescript-language-features/dist/extension.js:53:61304)
	at Socket.emit (events.js:182:13)
	at addChunk (_stream_readable.js:283:12)
	at readableAddChunk (_stream_readable.js:264:11)
	at Socket.Readable.push (_stream_readable.js:219:10)
	at Pipe.onStreamRead [as onread] (internal/stream_base_commons.js:94:17)
[2019-08-02 16:48:03.451] [exthost] [error] [vscode.typescript-language-features] provider FAILED
[2019-08-02 16:48:03.451] [exthost] [error] Error: <main> TypeScript Server Error (3.5.2)
Cannot read property 'parent' of undefined
TypeError: Cannot read property 'parent' of undefined
    at Object.deleteDeclaration (tsserver.js:112665:56)
    at _loop_9 (tsserver.js:112284:47)
    at ChangeTracker.finishDeleteDeclarations (tsserver.js:112291:21)
    at ChangeTracker.getChanges (tsserver.js:112311:22)
    at Function.ChangeTracker.with (tsserver.js:111856:32)
    at Object.getCodeActions (tsserver.js:116453:68)
    at tsserver.js:112841:121
    at Object.flatMap (tsserver.js:573:25)
    at Object.getFixes (tsserver.js:112841:23)
    at tsserver.js:122417:35
    at Object.flatMap (tsserver.js:573:25)
    at Object.getCodeFixesAtPosition (tsserver.js:122415:23)
    at IOSession.Session.getCodeFixes (tsserver.js:131471:64)
    at Session.handlers.ts.createMapFromTemplate._a.(anonymous function) (tsserver.js:130221:61)
    at tsserver.js:131665:88
    at IOSession.Session.executeWithRequestId (tsserver.js:131656:28)
    at IOSession.Session.executeCommand (tsserver.js:131665:33)
    at IOSession.Session.onMessage (tsserver.js:131687:35)
    at Interface.<anonymous> (tsserver.js:132978:27)
    at Interface.emit (events.js:182:13)
    at Interface._onLine (readline.js:290:10)
    at Interface._normalWrite (readline.js:433:12)
    at Socket.ondata (readline.js:149:10)
    at Socket.emit (events.js:182:13)
    at addChunk (_stream_readable.js:283:12)
    at readableAddChunk (_stream_readable.js:264:11)
    at Socket.Readable.push (_stream_readable.js:219:10)
    at Pipe.onStreamRead [as onread] (internal/stream_base_commons.js:94:17)
	at Function.create (/snap/code/11/usr/share/code/resources/app/extensions/typescript-language-features/dist/extension.js:53:63436)
	at h.dispatchResponse (/snap/code/11/usr/share/code/resources/app/extensions/typescript-language-features/dist/extension.js:53:56618)
	at h.dispatchMessage (/snap/code/11/usr/share/code/resources/app/extensions/typescript-language-features/dist/extension.js:53:55516)
	at constructor._reader.onData.e (/snap/code/11/usr/share/code/resources/app/extensions/typescript-language-features/dist/extension.js:53:54992)
	at u.fire (/snap/code/11/usr/share/code/resources/app/out/vs/workbench/services/extensions/node/extensionHostProcess.js:48:468)
	at t.Reader.onLengthData (/snap/code/11/usr/share/code/resources/app/extensions/typescript-language-features/dist/extension.js:53:61656)
	at Socket.t.Reader.constructor.e.on.e (/snap/code/11/usr/share/code/resources/app/extensions/typescript-language-features/dist/extension.js:53:61304)
	at Socket.emit (events.js:182:13)
	at addChunk (_stream_readable.js:283:12)
	at readableAddChunk (_stream_readable.js:264:11)
	at Socket.Readable.push (_stream_readable.js:219:10)
	at Pipe.onStreamRead [as onread] (internal/stream_base_commons.js:94:17)
